TN:
SF:src\daos\db.ts
FNF:0
FNH:0
DA:1,2
DA:3,2
LF:2
LH:2
BRF:0
BRH:0
end_of_record
TN:
SF:src\daos\student-dao.ts
FN:8,getAllStudents
FN:10,(anonymous_1)
FN:11,(anonymous_2)
FN:14,getStudentByID
FN:17,(anonymous_4)
FN:17,(anonymous_5)
FN:20,saveStudent
FN:23,(anonymous_7)
FN:23,(anonymous_8)
FN:26,patchStudent
FN:30,(anonymous_10)
FN:30,(anonymous_11)
FN:32,getClassesbyStudent
FN:41,(anonymous_13)
FN:42,(anonymous_14)
FNF:15
FNH:0
FNDA:0,getAllStudents
FNDA:0,(anonymous_1)
FNDA:0,(anonymous_2)
FNDA:0,getStudentByID
FNDA:0,(anonymous_4)
FNDA:0,(anonymous_5)
FNDA:0,saveStudent
FNDA:0,(anonymous_7)
FNDA:0,(anonymous_8)
FNDA:0,patchStudent
FNDA:0,(anonymous_10)
FNDA:0,(anonymous_11)
FNDA:0,getClassesbyStudent
FNDA:0,(anonymous_13)
FNDA:0,(anonymous_14)
DA:1,2
DA:2,2
DA:3,2
DA:8,2
DA:9,0
DA:10,0
DA:11,0
DA:14,2
DA:15,0
DA:16,0
DA:17,0
DA:20,2
DA:21,0
DA:22,0
DA:23,0
DA:26,2
DA:27,0
DA:29,0
DA:30,0
DA:32,2
DA:34,0
DA:41,0
DA:42,0
LF:23
LH:8
BRF:0
BRH:0
end_of_record
TN:
SF:src\models\student-classes.ts
FN:15,(anonymous_0)
FN:8,(anonymous_1)
FNF:2
FNH:0
FNDA:0,(anonymous_0)
FNDA:0,(anonymous_1)
DA:1,2
DA:9,0
DA:13,0
DA:17,0
DA:18,0
DA:19,0
DA:20,0
DA:21,0
LF:8
LH:1
BRF:0
BRH:0
end_of_record
TN:
SF:src\models\student.ts
FN:13,(anonymous_0)
FN:7,(anonymous_1)
FNF:2
FNH:1
FNDA:8,(anonymous_0)
FNDA:0,(anonymous_1)
DA:1,3
DA:8,0
DA:11,0
DA:14,8
DA:15,8
DA:16,8
DA:17,8
LF:7
LH:5
BRF:0
BRH:0
end_of_record
TN:
SF:src\routers\student-router.ts
FN:9,(anonymous_9)
FN:11,(anonymous_10)
FN:14,(anonymous_11)
FN:20,(anonymous_12)
FN:22,(anonymous_13)
FN:29,(anonymous_14)
FN:37,(anonymous_15)
FN:39,(anonymous_16)
FN:43,(anonymous_17)
FN:51,(anonymous_18)
FN:53,(anonymous_19)
FN:57,(anonymous_20)
FN:81,(anonymous_21)
FN:81,(anonymous_22)
FNF:14
FNH:11
FNDA:2,(anonymous_9)
FNDA:1,(anonymous_10)
FNDA:1,(anonymous_11)
FNDA:3,(anonymous_12)
FNDA:2,(anonymous_13)
FNDA:1,(anonymous_14)
FNDA:2,(anonymous_15)
FNDA:1,(anonymous_16)
FNDA:1,(anonymous_17)
FNDA:0,(anonymous_18)
FNDA:0,(anonymous_19)
FNDA:0,(anonymous_20)
FNDA:5,(anonymous_21)
FNDA:5,(anonymous_22)
DA:1,1
DA:2,1
DA:4,1
DA:9,1
DA:10,2
DA:11,2
DA:12,1
DA:13,1
DA:15,1
DA:16,1
DA:20,1
DA:21,3
DA:22,3
DA:23,2
DA:24,1
DA:26,1
DA:28,2
DA:30,1
DA:31,1
DA:32,1
DA:37,1
DA:38,2
DA:39,2
DA:40,1
DA:41,1
DA:42,1
DA:44,1
DA:45,1
DA:46,1
DA:51,1
DA:52,0
DA:53,0
DA:54,0
DA:55,0
DA:56,0
DA:58,0
DA:59,0
DA:60,0
DA:81,5
DA:82,5
DA:86,5
DA:87,5
DA:89,2
DA:90,2
DA:91,2
DA:95,3
DA:96,1
DA:98,2
DA:100,3
LF:49
LH:41
BRDA:23,0,0,1
BRDA:23,0,1,1
BRDA:95,1,0,1
BRDA:95,1,1,2
BRF:4
BRH:4
end_of_record
TN:
SF:src\services\student-services.ts
FN:5,getAllStudents
FN:8,getStudentByID
FN:11,saveStudent
FN:18,(anonymous_4)
FN:21,patchStudent
FN:30,getClassesByStudent
FNF:6
FNH:3
FNDA:0,getAllStudents
FNDA:0,getStudentByID
FNDA:6,saveStudent
FNDA:2,(anonymous_4)
FNDA:2,patchStudent
FNDA:0,getClassesByStudent
DA:1,2
DA:2,2
DA:5,2
DA:6,0
DA:8,2
DA:9,0
DA:11,2
DA:12,6
DA:13,6
DA:14,4
DA:17,2
DA:18,2
DA:21,2
DA:22,2
DA:25,2
DA:26,1
DA:28,1
DA:30,2
DA:31,0
LF:19
LH:16
BRDA:13,0,0,4
BRDA:13,0,1,2
BRDA:13,1,0,6
BRDA:13,1,1,5
BRDA:25,2,0,1
BRDA:25,2,1,1
BRF:6
BRH:6
end_of_record
