{"C:\\Users\\RClay\\eclipse-workspace\\ryan-clayton-p0\\src\\daos\\db.ts": {"path":"C:\\Users\\RClay\\eclipse-workspace\\ryan-clayton-p0\\src\\daos\\db.ts","statementMap":{"0":{"start":{"line":1,"column":0},"end":{"line":1,"column":24}},"1":{"start":{"line":3,"column":13},"end":{"line":9,"column":3}}},"fnMap":{},"branchMap":{},"s":{"0":6,"1":6},"f":{},"b":{}}
,"C:\\Users\\RClay\\eclipse-workspace\\ryan-clayton-p0\\src\\routers\\course-router.ts": {"path":"C:\\Users\\RClay\\eclipse-workspace\\ryan-clayton-p0\\src\\routers\\course-router.ts","statementMap":{"0":{"start":{"line":1,"column":0},"end":{"line":1,"column":30}},"1":{"start":{"line":2,"column":0},"end":{"line":2,"column":61}},"2":{"start":{"line":3,"column":13},"end":{"line":3,"column":45}},"3":{"start":{"line":7,"column":0},"end":{"line":16,"column":3}},"4":{"start":{"line":8,"column":4},"end":{"line":15,"column":null}},"5":{"start":{"line":10,"column":8},"end":{"line":10,"column":31}},"6":{"start":{"line":11,"column":8},"end":{"line":11,"column":15}},"7":{"start":{"line":13,"column":8},"end":{"line":13,"column":25}},"8":{"start":{"line":14,"column":8},"end":{"line":14,"column":33}},"9":{"start":{"line":18,"column":0},"end":{"line":32,"column":3}},"10":{"start":{"line":19,"column":15},"end":{"line":19,"column":33}},"11":{"start":{"line":20,"column":4},"end":{"line":31,"column":7}},"12":{"start":{"line":21,"column":8},"end":{"line":25,"column":null}},"13":{"start":{"line":22,"column":12},"end":{"line":22,"column":37}},"14":{"start":{"line":24,"column":12},"end":{"line":24,"column":34}},"15":{"start":{"line":26,"column":8},"end":{"line":26,"column":15}},"16":{"start":{"line":28,"column":8},"end":{"line":28,"column":25}},"17":{"start":{"line":29,"column":8},"end":{"line":29,"column":33}},"18":{"start":{"line":30,"column":8},"end":{"line":30,"column":15}},"19":{"start":{"line":34,"column":0},"end":{"line":47,"column":3}},"20":{"start":{"line":35,"column":19},"end":{"line":35,"column":31}},"21":{"start":{"line":36,"column":4},"end":{"line":36,"column":24}},"22":{"start":{"line":37,"column":4},"end":{"line":45,"column":7}},"23":{"start":{"line":38,"column":8},"end":{"line":38,"column":29}},"24":{"start":{"line":39,"column":8},"end":{"line":39,"column":33}},"25":{"start":{"line":40,"column":8},"end":{"line":40,"column":15}},"26":{"start":{"line":42,"column":8},"end":{"line":42,"column":25}},"27":{"start":{"line":43,"column":8},"end":{"line":43,"column":33}},"28":{"start":{"line":44,"column":8},"end":{"line":44,"column":15}},"29":{"start":{"line":49,"column":0},"end":{"line":60,"column":3}},"30":{"start":{"line":50,"column":19},"end":{"line":50,"column":31}},"31":{"start":{"line":51,"column":4},"end":{"line":59,"column":7}},"32":{"start":{"line":52,"column":8},"end":{"line":52,"column":29}},"33":{"start":{"line":53,"column":8},"end":{"line":53,"column":33}},"34":{"start":{"line":54,"column":8},"end":{"line":54,"column":15}},"35":{"start":{"line":56,"column":8},"end":{"line":56,"column":25}},"36":{"start":{"line":57,"column":8},"end":{"line":57,"column":33}},"37":{"start":{"line":58,"column":8},"end":{"line":58,"column":15}},"38":{"start":{"line":62,"column":0},"end":{"line":76,"column":3}},"39":{"start":{"line":63,"column":15},"end":{"line":63,"column":33}},"40":{"start":{"line":64,"column":4},"end":{"line":75,"column":7}},"41":{"start":{"line":65,"column":8},"end":{"line":69,"column":null}},"42":{"start":{"line":66,"column":12},"end":{"line":66,"column":37}},"43":{"start":{"line":68,"column":12},"end":{"line":68,"column":34}},"44":{"start":{"line":70,"column":8},"end":{"line":70,"column":15}},"45":{"start":{"line":72,"column":8},"end":{"line":72,"column":25}},"46":{"start":{"line":73,"column":8},"end":{"line":73,"column":33}},"47":{"start":{"line":74,"column":8},"end":{"line":74,"column":15}},"48":{"start":{"line":77,"column":0},"end":{"line":89,"column":3}},"49":{"start":{"line":78,"column":22},"end":{"line":78,"column":34}},"50":{"start":{"line":79,"column":4},"end":{"line":87,"column":7}},"51":{"start":{"line":80,"column":8},"end":{"line":80,"column":29}},"52":{"start":{"line":81,"column":8},"end":{"line":81,"column":33}},"53":{"start":{"line":82,"column":8},"end":{"line":82,"column":15}},"54":{"start":{"line":84,"column":8},"end":{"line":84,"column":25}},"55":{"start":{"line":85,"column":8},"end":{"line":85,"column":33}},"56":{"start":{"line":86,"column":8},"end":{"line":86,"column":15}},"57":{"start":{"line":90,"column":0},"end":{"line":98,"column":3}},"58":{"start":{"line":91,"column":4},"end":{"line":97,"column":null}},"59":{"start":{"line":92,"column":8},"end":{"line":92,"column":31}},"60":{"start":{"line":93,"column":8},"end":{"line":93,"column":15}},"61":{"start":{"line":95,"column":8},"end":{"line":95,"column":25}},"62":{"start":{"line":96,"column":8},"end":{"line":96,"column":33}},"63":{"start":{"line":99,"column":0},"end":{"line":110,"column":3}},"64":{"start":{"line":100,"column":15},"end":{"line":100,"column":33}},"65":{"start":{"line":101,"column":4},"end":{"line":109,"column":7}},"66":{"start":{"line":102,"column":8},"end":{"line":102,"column":29}},"67":{"start":{"line":103,"column":8},"end":{"line":103,"column":33}},"68":{"start":{"line":104,"column":8},"end":{"line":104,"column":15}},"69":{"start":{"line":106,"column":8},"end":{"line":106,"column":25}},"70":{"start":{"line":107,"column":8},"end":{"line":107,"column":33}},"71":{"start":{"line":108,"column":8},"end":{"line":108,"column":15}},"72":{"start":{"line":111,"column":0},"end":{"line":122,"column":3}},"73":{"start":{"line":112,"column":22},"end":{"line":112,"column":34}},"74":{"start":{"line":113,"column":4},"end":{"line":121,"column":7}},"75":{"start":{"line":114,"column":8},"end":{"line":114,"column":29}},"76":{"start":{"line":115,"column":8},"end":{"line":115,"column":33}},"77":{"start":{"line":116,"column":8},"end":{"line":116,"column":15}},"78":{"start":{"line":118,"column":8},"end":{"line":118,"column":25}},"79":{"start":{"line":119,"column":8},"end":{"line":119,"column":33}},"80":{"start":{"line":120,"column":8},"end":{"line":120,"column":15}}},"fnMap":{"0":{"name":"(anonymous_2)","decl":{"start":{"line":7,"column":21},"end":{"line":7,"column":22}},"loc":{"start":{"line":7,"column":50},"end":{"line":16,"column":1}}},"1":{"name":"(anonymous_3)","decl":{"start":{"line":8,"column":39},"end":{"line":8,"column":46}},"loc":{"start":{"line":8,"column":48},"end":{"line":12,"column":5}}},"2":{"name":"(anonymous_4)","decl":{"start":{"line":12,"column":13},"end":{"line":12,"column":16}},"loc":{"start":{"line":12,"column":19},"end":{"line":15,"column":5}}},"3":{"name":"(anonymous_5)","decl":{"start":{"line":18,"column":28},"end":{"line":18,"column":29}},"loc":{"start":{"line":18,"column":55},"end":{"line":32,"column":1}}},"4":{"name":"(anonymous_6)","decl":{"start":{"line":20,"column":41},"end":{"line":20,"column":47}},"loc":{"start":{"line":20,"column":50},"end":{"line":27,"column":5}}},"5":{"name":"(anonymous_7)","decl":{"start":{"line":27,"column":13},"end":{"line":27,"column":16}},"loc":{"start":{"line":27,"column":18},"end":{"line":31,"column":5}}},"6":{"name":"(anonymous_8)","decl":{"start":{"line":34,"column":22},"end":{"line":34,"column":23}},"loc":{"start":{"line":34,"column":50},"end":{"line":47,"column":1}}},"7":{"name":"(anonymous_9)","decl":{"start":{"line":37,"column":42},"end":{"line":37,"column":51}},"loc":{"start":{"line":37,"column":53},"end":{"line":41,"column":5}}},"8":{"name":"(anonymous_10)","decl":{"start":{"line":41,"column":13},"end":{"line":41,"column":16}},"loc":{"start":{"line":41,"column":18},"end":{"line":45,"column":5}}},"9":{"name":"(anonymous_11)","decl":{"start":{"line":49,"column":22},"end":{"line":49,"column":23}},"loc":{"start":{"line":49,"column":47},"end":{"line":60,"column":1}}},"10":{"name":"(anonymous_12)","decl":{"start":{"line":51,"column":43},"end":{"line":51,"column":52}},"loc":{"start":{"line":51,"column":55},"end":{"line":55,"column":5}}},"11":{"name":"(anonymous_13)","decl":{"start":{"line":55,"column":13},"end":{"line":55,"column":16}},"loc":{"start":{"line":55,"column":18},"end":{"line":59,"column":5}}},"12":{"name":"(anonymous_14)","decl":{"start":{"line":62,"column":29},"end":{"line":62,"column":30}},"loc":{"start":{"line":62,"column":56},"end":{"line":76,"column":1}}},"13":{"name":"(anonymous_15)","decl":{"start":{"line":64,"column":41},"end":{"line":64,"column":47}},"loc":{"start":{"line":64,"column":50},"end":{"line":71,"column":5}}},"14":{"name":"(anonymous_16)","decl":{"start":{"line":71,"column":13},"end":{"line":71,"column":16}},"loc":{"start":{"line":71,"column":18},"end":{"line":75,"column":5}}},"15":{"name":"(anonymous_17)","decl":{"start":{"line":77,"column":30},"end":{"line":77,"column":31}},"loc":{"start":{"line":77,"column":58},"end":{"line":89,"column":1}}},"16":{"name":"(anonymous_18)","decl":{"start":{"line":79,"column":43},"end":{"line":79,"column":52}},"loc":{"start":{"line":79,"column":54},"end":{"line":83,"column":5}}},"17":{"name":"(anonymous_19)","decl":{"start":{"line":83,"column":13},"end":{"line":83,"column":16}},"loc":{"start":{"line":83,"column":18},"end":{"line":87,"column":5}}},"18":{"name":"(anonymous_20)","decl":{"start":{"line":90,"column":32},"end":{"line":90,"column":33}},"loc":{"start":{"line":90,"column":61},"end":{"line":98,"column":1}}},"19":{"name":"(anonymous_21)","decl":{"start":{"line":91,"column":38},"end":{"line":91,"column":45}},"loc":{"start":{"line":91,"column":47},"end":{"line":94,"column":5}}},"20":{"name":"(anonymous_22)","decl":{"start":{"line":94,"column":13},"end":{"line":94,"column":16}},"loc":{"start":{"line":94,"column":19},"end":{"line":97,"column":5}}},"21":{"name":"(anonymous_23)","decl":{"start":{"line":99,"column":27},"end":{"line":99,"column":28}},"loc":{"start":{"line":99,"column":52},"end":{"line":110,"column":1}}},"22":{"name":"(anonymous_24)","decl":{"start":{"line":101,"column":37},"end":{"line":101,"column":46}},"loc":{"start":{"line":101,"column":49},"end":{"line":105,"column":5}}},"23":{"name":"(anonymous_25)","decl":{"start":{"line":105,"column":13},"end":{"line":105,"column":16}},"loc":{"start":{"line":105,"column":18},"end":{"line":109,"column":5}}},"24":{"name":"(anonymous_26)","decl":{"start":{"line":111,"column":36},"end":{"line":111,"column":37}},"loc":{"start":{"line":111,"column":61},"end":{"line":122,"column":1}}},"25":{"name":"(anonymous_27)","decl":{"start":{"line":113,"column":43},"end":{"line":113,"column":52}},"loc":{"start":{"line":113,"column":55},"end":{"line":117,"column":5}}},"26":{"name":"(anonymous_28)","decl":{"start":{"line":117,"column":13},"end":{"line":117,"column":16}},"loc":{"start":{"line":117,"column":18},"end":{"line":121,"column":5}}}},"branchMap":{"0":{"loc":{"start":{"line":21,"column":8},"end":{"line":25,"column":null}},"type":"if","locations":[{"start":{"line":21,"column":8},"end":{"line":25,"column":null}},{"start":{"line":21,"column":8},"end":{"line":25,"column":null}}]},"1":{"loc":{"start":{"line":65,"column":8},"end":{"line":69,"column":null}},"type":"if","locations":[{"start":{"line":65,"column":8},"end":{"line":69,"column":null}},{"start":{"line":65,"column":8},"end":{"line":69,"column":null}}]}},"s":{"0":1,"1":1,"2":1,"3":1,"4":2,"5":1,"6":1,"7":1,"8":1,"9":1,"10":3,"11":3,"12":2,"13":1,"14":1,"15":2,"16":1,"17":1,"18":1,"19":1,"20":2,"21":2,"22":2,"23":1,"24":1,"25":1,"26":1,"27":1,"28":1,"29":1,"30":0,"31":0,"32":0,"33":0,"34":0,"35":0,"36":0,"37":0,"38":1,"39":3,"40":3,"41":2,"42":1,"43":1,"44":2,"45":1,"46":1,"47":1,"48":1,"49":2,"50":2,"51":1,"52":1,"53":1,"54":1,"55":1,"56":1,"57":1,"58":2,"59":1,"60":1,"61":1,"62":1,"63":1,"64":2,"65":2,"66":1,"67":1,"68":1,"69":1,"70":1,"71":1,"72":1,"73":2,"74":2,"75":1,"76":1,"77":1,"78":1,"79":1,"80":1},"f":{"0":2,"1":1,"2":1,"3":3,"4":2,"5":1,"6":2,"7":1,"8":1,"9":0,"10":0,"11":0,"12":3,"13":2,"14":1,"15":2,"16":1,"17":1,"18":2,"19":1,"20":1,"21":2,"22":1,"23":1,"24":2,"25":1,"26":1},"b":{"0":[1,1],"1":[1,1]}}
,"C:\\Users\\RClay\\eclipse-workspace\\ryan-clayton-p0\\src\\routers\\instructor-router.ts": {"path":"C:\\Users\\RClay\\eclipse-workspace\\ryan-clayton-p0\\src\\routers\\instructor-router.ts","statementMap":{"0":{"start":{"line":1,"column":0},"end":{"line":1,"column":30}},"1":{"start":{"line":2,"column":0},"end":{"line":2,"column":69}},"2":{"start":{"line":5,"column":13},"end":{"line":5,"column":49}},"3":{"start":{"line":10,"column":0},"end":{"line":18,"column":3}},"4":{"start":{"line":11,"column":4},"end":{"line":17,"column":null}},"5":{"start":{"line":12,"column":8},"end":{"line":12,"column":34}},"6":{"start":{"line":13,"column":8},"end":{"line":13,"column":15}},"7":{"start":{"line":15,"column":8},"end":{"line":15,"column":25}},"8":{"start":{"line":16,"column":8},"end":{"line":16,"column":33}},"9":{"start":{"line":20,"column":0},"end":{"line":35,"column":3}},"10":{"start":{"line":21,"column":15},"end":{"line":21,"column":33}},"11":{"start":{"line":22,"column":4},"end":{"line":33,"column":7}},"12":{"start":{"line":23,"column":8},"end":{"line":27,"column":null}},"13":{"start":{"line":24,"column":12},"end":{"line":24,"column":37}},"14":{"start":{"line":26,"column":12},"end":{"line":26,"column":38}},"15":{"start":{"line":28,"column":8},"end":{"line":28,"column":15}},"16":{"start":{"line":30,"column":8},"end":{"line":30,"column":25}},"17":{"start":{"line":31,"column":8},"end":{"line":31,"column":33}},"18":{"start":{"line":32,"column":8},"end":{"line":32,"column":15}},"19":{"start":{"line":37,"column":0},"end":{"line":49,"column":3}},"20":{"start":{"line":38,"column":23},"end":{"line":38,"column":35}},"21":{"start":{"line":39,"column":4},"end":{"line":47,"column":7}},"22":{"start":{"line":40,"column":8},"end":{"line":40,"column":29}},"23":{"start":{"line":41,"column":8},"end":{"line":41,"column":37}},"24":{"start":{"line":42,"column":8},"end":{"line":42,"column":15}},"25":{"start":{"line":44,"column":8},"end":{"line":44,"column":25}},"26":{"start":{"line":45,"column":8},"end":{"line":45,"column":33}},"27":{"start":{"line":46,"column":8},"end":{"line":46,"column":15}},"28":{"start":{"line":50,"column":0},"end":{"line":61,"column":3}},"29":{"start":{"line":51,"column":23},"end":{"line":51,"column":35}},"30":{"start":{"line":52,"column":4},"end":{"line":60,"column":7}},"31":{"start":{"line":53,"column":8},"end":{"line":53,"column":29}},"32":{"start":{"line":54,"column":8},"end":{"line":54,"column":37}},"33":{"start":{"line":55,"column":8},"end":{"line":55,"column":15}},"34":{"start":{"line":57,"column":8},"end":{"line":57,"column":25}},"35":{"start":{"line":58,"column":8},"end":{"line":58,"column":33}},"36":{"start":{"line":59,"column":8},"end":{"line":59,"column":15}},"37":{"start":{"line":63,"column":0},"end":{"line":77,"column":3}},"38":{"start":{"line":64,"column":15},"end":{"line":64,"column":33}},"39":{"start":{"line":65,"column":4},"end":{"line":76,"column":7}},"40":{"start":{"line":66,"column":8},"end":{"line":70,"column":null}},"41":{"start":{"line":67,"column":12},"end":{"line":67,"column":37}},"42":{"start":{"line":69,"column":12},"end":{"line":69,"column":38}},"43":{"start":{"line":71,"column":8},"end":{"line":71,"column":15}},"44":{"start":{"line":73,"column":8},"end":{"line":73,"column":25}},"45":{"start":{"line":74,"column":8},"end":{"line":74,"column":33}},"46":{"start":{"line":75,"column":8},"end":{"line":75,"column":15}},"47":{"start":{"line":78,"column":0},"end":{"line":89,"column":3}},"48":{"start":{"line":79,"column":15},"end":{"line":79,"column":33}},"49":{"start":{"line":80,"column":4},"end":{"line":88,"column":7}},"50":{"start":{"line":81,"column":8},"end":{"line":81,"column":29}},"51":{"start":{"line":82,"column":8},"end":{"line":82,"column":37}},"52":{"start":{"line":83,"column":8},"end":{"line":83,"column":15}},"53":{"start":{"line":85,"column":8},"end":{"line":85,"column":25}},"54":{"start":{"line":86,"column":8},"end":{"line":86,"column":33}},"55":{"start":{"line":87,"column":8},"end":{"line":87,"column":15}}},"fnMap":{"0":{"name":"(anonymous_2)","decl":{"start":{"line":10,"column":25},"end":{"line":10,"column":26}},"loc":{"start":{"line":10,"column":54},"end":{"line":18,"column":1}}},"1":{"name":"(anonymous_3)","decl":{"start":{"line":11,"column":47},"end":{"line":11,"column":57}},"loc":{"start":{"line":11,"column":59},"end":{"line":14,"column":5}}},"2":{"name":"(anonymous_4)","decl":{"start":{"line":14,"column":13},"end":{"line":14,"column":16}},"loc":{"start":{"line":14,"column":19},"end":{"line":17,"column":5}}},"3":{"name":"(anonymous_5)","decl":{"start":{"line":20,"column":28},"end":{"line":20,"column":29}},"loc":{"start":{"line":20,"column":55},"end":{"line":35,"column":1}}},"4":{"name":"(anonymous_6)","decl":{"start":{"line":22,"column":49},"end":{"line":22,"column":59}},"loc":{"start":{"line":22,"column":62},"end":{"line":29,"column":5}}},"5":{"name":"(anonymous_7)","decl":{"start":{"line":29,"column":13},"end":{"line":29,"column":16}},"loc":{"start":{"line":29,"column":18},"end":{"line":33,"column":5}}},"6":{"name":"(anonymous_8)","decl":{"start":{"line":37,"column":26},"end":{"line":37,"column":27}},"loc":{"start":{"line":37,"column":54},"end":{"line":49,"column":1}}},"7":{"name":"(anonymous_9)","decl":{"start":{"line":39,"column":54},"end":{"line":39,"column":67}},"loc":{"start":{"line":39,"column":69},"end":{"line":43,"column":5}}},"8":{"name":"(anonymous_10)","decl":{"start":{"line":43,"column":13},"end":{"line":43,"column":16}},"loc":{"start":{"line":43,"column":18},"end":{"line":47,"column":5}}},"9":{"name":"(anonymous_11)","decl":{"start":{"line":50,"column":26},"end":{"line":50,"column":27}},"loc":{"start":{"line":50,"column":51},"end":{"line":61,"column":1}}},"10":{"name":"(anonymous_12)","decl":{"start":{"line":52,"column":55},"end":{"line":52,"column":68}},"loc":{"start":{"line":52,"column":71},"end":{"line":56,"column":5}}},"11":{"name":"(anonymous_13)","decl":{"start":{"line":56,"column":13},"end":{"line":56,"column":16}},"loc":{"start":{"line":56,"column":18},"end":{"line":60,"column":5}}},"12":{"name":"(anonymous_14)","decl":{"start":{"line":63,"column":36},"end":{"line":63,"column":37}},"loc":{"start":{"line":63,"column":63},"end":{"line":77,"column":1}}},"13":{"name":"(anonymous_15)","decl":{"start":{"line":65,"column":54},"end":{"line":65,"column":64}},"loc":{"start":{"line":65,"column":67},"end":{"line":72,"column":5}}},"14":{"name":"(anonymous_16)","decl":{"start":{"line":72,"column":13},"end":{"line":72,"column":16}},"loc":{"start":{"line":72,"column":18},"end":{"line":76,"column":5}}},"15":{"name":"(anonymous_17)","decl":{"start":{"line":78,"column":31},"end":{"line":78,"column":32}},"loc":{"start":{"line":78,"column":56},"end":{"line":89,"column":1}}},"16":{"name":"(anonymous_18)","decl":{"start":{"line":80,"column":45},"end":{"line":80,"column":58}},"loc":{"start":{"line":80,"column":61},"end":{"line":84,"column":5}}},"17":{"name":"(anonymous_19)","decl":{"start":{"line":84,"column":13},"end":{"line":84,"column":16}},"loc":{"start":{"line":84,"column":18},"end":{"line":88,"column":5}}}},"branchMap":{"0":{"loc":{"start":{"line":23,"column":8},"end":{"line":27,"column":null}},"type":"if","locations":[{"start":{"line":23,"column":8},"end":{"line":27,"column":null}},{"start":{"line":23,"column":8},"end":{"line":27,"column":null}}]},"1":{"loc":{"start":{"line":66,"column":8},"end":{"line":70,"column":null}},"type":"if","locations":[{"start":{"line":66,"column":8},"end":{"line":70,"column":null}},{"start":{"line":66,"column":8},"end":{"line":70,"column":null}}]}},"s":{"0":1,"1":1,"2":1,"3":1,"4":2,"5":1,"6":1,"7":1,"8":1,"9":1,"10":3,"11":3,"12":2,"13":1,"14":1,"15":2,"16":1,"17":1,"18":1,"19":1,"20":2,"21":2,"22":1,"23":1,"24":1,"25":1,"26":1,"27":1,"28":1,"29":0,"30":0,"31":0,"32":0,"33":0,"34":0,"35":0,"36":0,"37":1,"38":5,"39":5,"40":3,"41":1,"42":2,"43":3,"44":2,"45":2,"46":2,"47":1,"48":0,"49":0,"50":0,"51":0,"52":0,"53":0,"54":0,"55":0},"f":{"0":2,"1":1,"2":1,"3":3,"4":2,"5":1,"6":2,"7":1,"8":1,"9":0,"10":0,"11":0,"12":5,"13":3,"14":2,"15":0,"16":0,"17":0},"b":{"0":[1,1],"1":[1,2]}}
,"C:\\Users\\RClay\\eclipse-workspace\\ryan-clayton-p0\\src\\routers\\student-router.ts": {"path":"C:\\Users\\RClay\\eclipse-workspace\\ryan-clayton-p0\\src\\routers\\student-router.ts","statementMap":{"0":{"start":{"line":1,"column":0},"end":{"line":1,"column":44}},"1":{"start":{"line":2,"column":0},"end":{"line":2,"column":63}},"2":{"start":{"line":4,"column":13},"end":{"line":4,"column":46}},"3":{"start":{"line":9,"column":0},"end":{"line":18,"column":3}},"4":{"start":{"line":10,"column":4},"end":{"line":10,"column":null}},"5":{"start":{"line":11,"column":4},"end":{"line":17,"column":null}},"6":{"start":{"line":12,"column":8},"end":{"line":12,"column":32}},"7":{"start":{"line":13,"column":8},"end":{"line":13,"column":15}},"8":{"start":{"line":15,"column":8},"end":{"line":15,"column":25}},"9":{"start":{"line":16,"column":8},"end":{"line":16,"column":33}},"10":{"start":{"line":20,"column":0},"end":{"line":35,"column":3}},"11":{"start":{"line":21,"column":15},"end":{"line":21,"column":33}},"12":{"start":{"line":22,"column":4},"end":{"line":33,"column":7}},"13":{"start":{"line":23,"column":8},"end":{"line":27,"column":null}},"14":{"start":{"line":24,"column":12},"end":{"line":24,"column":37}},"15":{"start":{"line":26,"column":12},"end":{"line":26,"column":35}},"16":{"start":{"line":28,"column":8},"end":{"line":28,"column":15}},"17":{"start":{"line":30,"column":8},"end":{"line":30,"column":25}},"18":{"start":{"line":31,"column":8},"end":{"line":31,"column":33}},"19":{"start":{"line":32,"column":8},"end":{"line":32,"column":15}},"20":{"start":{"line":37,"column":0},"end":{"line":49,"column":3}},"21":{"start":{"line":38,"column":20},"end":{"line":38,"column":32}},"22":{"start":{"line":39,"column":4},"end":{"line":47,"column":7}},"23":{"start":{"line":40,"column":8},"end":{"line":40,"column":29}},"24":{"start":{"line":41,"column":8},"end":{"line":41,"column":34}},"25":{"start":{"line":42,"column":8},"end":{"line":42,"column":15}},"26":{"start":{"line":44,"column":8},"end":{"line":44,"column":25}},"27":{"start":{"line":45,"column":8},"end":{"line":45,"column":33}},"28":{"start":{"line":46,"column":8},"end":{"line":46,"column":15}},"29":{"start":{"line":51,"column":0},"end":{"line":62,"column":3}},"30":{"start":{"line":52,"column":20},"end":{"line":52,"column":32}},"31":{"start":{"line":53,"column":4},"end":{"line":61,"column":7}},"32":{"start":{"line":54,"column":8},"end":{"line":54,"column":29}},"33":{"start":{"line":55,"column":8},"end":{"line":55,"column":34}},"34":{"start":{"line":56,"column":8},"end":{"line":56,"column":15}},"35":{"start":{"line":58,"column":8},"end":{"line":58,"column":25}},"36":{"start":{"line":59,"column":8},"end":{"line":59,"column":33}},"37":{"start":{"line":60,"column":8},"end":{"line":60,"column":15}},"38":{"start":{"line":81,"column":0},"end":{"line":101,"column":3}},"39":{"start":{"line":81,"column":68},"end":{"line":101,"column":2}},"40":{"start":{"line":82,"column":23},"end":{"line":82,"column":50}},"41":{"start":{"line":86,"column":4},"end":{"line":92,"column":null}},"42":{"start":{"line":87,"column":8},"end":{"line":87,"column":64}},"43":{"start":{"line":89,"column":8},"end":{"line":89,"column":33}},"44":{"start":{"line":90,"column":8},"end":{"line":90,"column":25}},"45":{"start":{"line":91,"column":8},"end":{"line":91,"column":15}},"46":{"start":{"line":95,"column":4},"end":{"line":99,"column":null}},"47":{"start":{"line":96,"column":8},"end":{"line":96,"column":33}},"48":{"start":{"line":98,"column":8},"end":{"line":98,"column":32}},"49":{"start":{"line":100,"column":4},"end":{"line":100,"column":11}},"50":{"start":{"line":102,"column":0},"end":{"line":113,"column":3}},"51":{"start":{"line":103,"column":15},"end":{"line":103,"column":33}},"52":{"start":{"line":104,"column":4},"end":{"line":112,"column":7}},"53":{"start":{"line":105,"column":8},"end":{"line":105,"column":29}},"54":{"start":{"line":106,"column":8},"end":{"line":106,"column":34}},"55":{"start":{"line":107,"column":8},"end":{"line":107,"column":15}},"56":{"start":{"line":109,"column":8},"end":{"line":109,"column":25}},"57":{"start":{"line":110,"column":8},"end":{"line":110,"column":33}},"58":{"start":{"line":111,"column":8},"end":{"line":111,"column":15}}},"fnMap":{"0":{"name":"(anonymous_9)","decl":{"start":{"line":9,"column":22},"end":{"line":9,"column":23}},"loc":{"start":{"line":9,"column":51},"end":{"line":18,"column":1}}},"1":{"name":"(anonymous_10)","decl":{"start":{"line":11,"column":41},"end":{"line":11,"column":49}},"loc":{"start":{"line":11,"column":51},"end":{"line":14,"column":5}}},"2":{"name":"(anonymous_11)","decl":{"start":{"line":14,"column":13},"end":{"line":14,"column":16}},"loc":{"start":{"line":14,"column":19},"end":{"line":17,"column":5}}},"3":{"name":"(anonymous_12)","decl":{"start":{"line":20,"column":25},"end":{"line":20,"column":26}},"loc":{"start":{"line":20,"column":52},"end":{"line":35,"column":1}}},"4":{"name":"(anonymous_13)","decl":{"start":{"line":22,"column":43},"end":{"line":22,"column":50}},"loc":{"start":{"line":22,"column":53},"end":{"line":29,"column":5}}},"5":{"name":"(anonymous_14)","decl":{"start":{"line":29,"column":13},"end":{"line":29,"column":16}},"loc":{"start":{"line":29,"column":18},"end":{"line":33,"column":5}}},"6":{"name":"(anonymous_15)","decl":{"start":{"line":37,"column":23},"end":{"line":37,"column":24}},"loc":{"start":{"line":37,"column":51},"end":{"line":49,"column":1}}},"7":{"name":"(anonymous_16)","decl":{"start":{"line":39,"column":45},"end":{"line":39,"column":55}},"loc":{"start":{"line":39,"column":57},"end":{"line":43,"column":5}}},"8":{"name":"(anonymous_17)","decl":{"start":{"line":43,"column":13},"end":{"line":43,"column":16}},"loc":{"start":{"line":43,"column":18},"end":{"line":47,"column":5}}},"9":{"name":"(anonymous_18)","decl":{"start":{"line":51,"column":23},"end":{"line":51,"column":24}},"loc":{"start":{"line":51,"column":48},"end":{"line":62,"column":1}}},"10":{"name":"(anonymous_19)","decl":{"start":{"line":53,"column":46},"end":{"line":53,"column":56}},"loc":{"start":{"line":53,"column":59},"end":{"line":57,"column":5}}},"11":{"name":"(anonymous_20)","decl":{"start":{"line":57,"column":13},"end":{"line":57,"column":16}},"loc":{"start":{"line":57,"column":18},"end":{"line":61,"column":5}}},"12":{"name":"(anonymous_21)","decl":{"start":{"line":81,"column":34},"end":{"line":81,"column":41}},"loc":{"start":{"line":81,"column":68},"end":{"line":101,"column":2}}},"13":{"name":"(anonymous_22)","decl":{"start":{"line":81,"column":68},"end":{"line":81,"column":null}},"loc":{"start":{"line":81,"column":68},"end":{"line":101,"column":1}}},"14":{"name":"(anonymous_23)","decl":{"start":{"line":102,"column":28},"end":{"line":102,"column":29}},"loc":{"start":{"line":102,"column":53},"end":{"line":113,"column":1}}},"15":{"name":"(anonymous_24)","decl":{"start":{"line":104,"column":39},"end":{"line":104,"column":49}},"loc":{"start":{"line":104,"column":52},"end":{"line":108,"column":5}}},"16":{"name":"(anonymous_25)","decl":{"start":{"line":108,"column":13},"end":{"line":108,"column":16}},"loc":{"start":{"line":108,"column":18},"end":{"line":112,"column":5}}}},"branchMap":{"0":{"loc":{"start":{"line":23,"column":8},"end":{"line":27,"column":null}},"type":"if","locations":[{"start":{"line":23,"column":8},"end":{"line":27,"column":null}},{"start":{"line":23,"column":8},"end":{"line":27,"column":null}}]},"1":{"loc":{"start":{"line":95,"column":4},"end":{"line":99,"column":null}},"type":"if","locations":[{"start":{"line":95,"column":4},"end":{"line":99,"column":null}},{"start":{"line":95,"column":4},"end":{"line":99,"column":null}}]}},"s":{"0":1,"1":1,"2":1,"3":1,"4":2,"5":2,"6":1,"7":1,"8":1,"9":1,"10":1,"11":3,"12":3,"13":2,"14":1,"15":1,"16":2,"17":1,"18":1,"19":1,"20":1,"21":2,"22":2,"23":1,"24":1,"25":1,"26":1,"27":1,"28":1,"29":1,"30":0,"31":0,"32":0,"33":0,"34":0,"35":0,"36":0,"37":0,"38":1,"39":5,"40":5,"41":5,"42":5,"43":2,"44":2,"45":2,"46":3,"47":1,"48":2,"49":3,"50":1,"51":2,"52":2,"53":1,"54":1,"55":1,"56":1,"57":1,"58":1},"f":{"0":2,"1":1,"2":1,"3":3,"4":2,"5":1,"6":2,"7":1,"8":1,"9":0,"10":0,"11":0,"12":5,"13":5,"14":2,"15":1,"16":1},"b":{"0":[1,1],"1":[1,2]}}
,"C:\\Users\\RClay\\eclipse-workspace\\ryan-clayton-p0\\src\\services\\course-services.ts": {"path":"C:\\Users\\RClay\\eclipse-workspace\\ryan-clayton-p0\\src\\services\\course-services.ts","statementMap":{"0":{"start":{"line":2,"column":0},"end":{"line":2,"column":39}},"1":{"start":{"line":3,"column":0},"end":{"line":3,"column":48}},"2":{"start":{"line":9,"column":4},"end":{"line":9,"column":37}},"3":{"start":{"line":8,"column":0},"end":{"line":8,"column":16}},"4":{"start":{"line":12,"column":4},"end":{"line":12,"column":39}},"5":{"start":{"line":11,"column":0},"end":{"line":11,"column":16}},"6":{"start":{"line":15,"column":22},"end":{"line":15,"column":102}},"7":{"start":{"line":16,"column":4},"end":{"line":22,"column":null}},"8":{"start":{"line":17,"column":8},"end":{"line":17,"column":47}},"9":{"start":{"line":20,"column":8},"end":{"line":20,"column":38}},"10":{"start":{"line":21,"column":8},"end":{"line":21,"column":60}},"11":{"start":{"line":21,"column":47},"end":{"line":21,"column":58}},"12":{"start":{"line":14,"column":0},"end":{"line":14,"column":16}},"13":{"start":{"line":25,"column":22},"end":{"line":26,"column":null}},"14":{"start":{"line":28,"column":4},"end":{"line":30,"column":null}},"15":{"start":{"line":29,"column":8},"end":{"line":29,"column":31}},"16":{"start":{"line":31,"column":4},"end":{"line":31,"column":44}},"17":{"start":{"line":24,"column":0},"end":{"line":24,"column":16}},"18":{"start":{"line":34,"column":4},"end":{"line":34,"column":43}},"19":{"start":{"line":33,"column":0},"end":{"line":33,"column":16}},"20":{"start":{"line":37,"column":4},"end":{"line":42,"column":null}},"21":{"start":{"line":38,"column":8},"end":{"line":38,"column":77}},"22":{"start":{"line":40,"column":8},"end":{"line":40,"column":38}},"23":{"start":{"line":41,"column":8},"end":{"line":41,"column":60}},"24":{"start":{"line":41,"column":47},"end":{"line":41,"column":58}},"25":{"start":{"line":36,"column":0},"end":{"line":36,"column":16}},"26":{"start":{"line":45,"column":4},"end":{"line":45,"column":37}},"27":{"start":{"line":44,"column":0},"end":{"line":44,"column":16}},"28":{"start":{"line":48,"column":4},"end":{"line":48,"column":35}},"29":{"start":{"line":47,"column":0},"end":{"line":47,"column":16}},"30":{"start":{"line":51,"column":4},"end":{"line":56,"column":null}},"31":{"start":{"line":52,"column":8},"end":{"line":52,"column":77}},"32":{"start":{"line":54,"column":8},"end":{"line":54,"column":38}},"33":{"start":{"line":55,"column":8},"end":{"line":55,"column":60}},"34":{"start":{"line":55,"column":47},"end":{"line":55,"column":58}},"35":{"start":{"line":50,"column":0},"end":{"line":50,"column":16}}},"fnMap":{"0":{"name":"getAllCourses","decl":{"start":{"line":8,"column":16},"end":{"line":8,"column":29}},"loc":{"start":{"line":8,"column":29},"end":{"line":10,"column":1}}},"1":{"name":"getCourseByID","decl":{"start":{"line":11,"column":16},"end":{"line":11,"column":29}},"loc":{"start":{"line":11,"column":40},"end":{"line":13,"column":1}}},"2":{"name":"saveCourse","decl":{"start":{"line":14,"column":16},"end":{"line":14,"column":26}},"loc":{"start":{"line":14,"column":33},"end":{"line":23,"column":1}}},"3":{"name":"(anonymous_4)","decl":{"start":{"line":21,"column":27},"end":{"line":21,"column":28}},"loc":{"start":{"line":21,"column":47},"end":{"line":21,"column":58}}},"4":{"name":"patchCourse","decl":{"start":{"line":24,"column":16},"end":{"line":24,"column":27}},"loc":{"start":{"line":24,"column":38},"end":{"line":32,"column":1}}},"5":{"name":"getCourseList","decl":{"start":{"line":33,"column":16},"end":{"line":33,"column":29}},"loc":{"start":{"line":33,"column":40},"end":{"line":35,"column":1}}},"6":{"name":"addClass","decl":{"start":{"line":36,"column":16},"end":{"line":36,"column":24}},"loc":{"start":{"line":36,"column":38},"end":{"line":43,"column":1}}},"7":{"name":"(anonymous_8)","decl":{"start":{"line":41,"column":27},"end":{"line":41,"column":28}},"loc":{"start":{"line":41,"column":47},"end":{"line":41,"column":58}}},"8":{"name":"getClassList","decl":{"start":{"line":44,"column":16},"end":{"line":44,"column":28}},"loc":{"start":{"line":44,"column":28},"end":{"line":46,"column":1}}},"9":{"name":"delCourse","decl":{"start":{"line":47,"column":16},"end":{"line":47,"column":25}},"loc":{"start":{"line":47,"column":35},"end":{"line":49,"column":1}}},"10":{"name":"delClass","decl":{"start":{"line":50,"column":16},"end":{"line":50,"column":24}},"loc":{"start":{"line":50,"column":38},"end":{"line":57,"column":1}}},"11":{"name":"(anonymous_12)","decl":{"start":{"line":55,"column":27},"end":{"line":55,"column":28}},"loc":{"start":{"line":55,"column":47},"end":{"line":55,"column":58}}}},"branchMap":{"0":{"loc":{"start":{"line":16,"column":4},"end":{"line":22,"column":null}},"type":"if","locations":[{"start":{"line":16,"column":4},"end":{"line":22,"column":null}},{"start":{"line":16,"column":4},"end":{"line":22,"column":null}}]},"1":{"loc":{"start":{"line":16,"column":8},"end":{"line":16,"column":28}},"type":"binary-expr","locations":[{"start":{"line":16,"column":8},"end":{"line":16,"column":28}},{"start":{"line":16,"column":30},"end":{"line":16,"column":50}}]},"2":{"loc":{"start":{"line":28,"column":4},"end":{"line":30,"column":null}},"type":"if","locations":[{"start":{"line":28,"column":4},"end":{"line":30,"column":null}},{"start":{"line":28,"column":4},"end":{"line":30,"column":null}}]},"3":{"loc":{"start":{"line":37,"column":4},"end":{"line":42,"column":null}},"type":"if","locations":[{"start":{"line":37,"column":4},"end":{"line":42,"column":null}},{"start":{"line":37,"column":4},"end":{"line":42,"column":null}}]},"4":{"loc":{"start":{"line":37,"column":7},"end":{"line":37,"column":20}},"type":"binary-expr","locations":[{"start":{"line":37,"column":7},"end":{"line":37,"column":20}},{"start":{"line":37,"column":22},"end":{"line":37,"column":35}},{"start":{"line":37,"column":37},"end":{"line":37,"column":50}}]},"5":{"loc":{"start":{"line":51,"column":4},"end":{"line":56,"column":null}},"type":"if","locations":[{"start":{"line":51,"column":4},"end":{"line":56,"column":null}},{"start":{"line":51,"column":4},"end":{"line":56,"column":null}}]},"6":{"loc":{"start":{"line":51,"column":7},"end":{"line":51,"column":20}},"type":"binary-expr","locations":[{"start":{"line":51,"column":7},"end":{"line":51,"column":20}},{"start":{"line":51,"column":22},"end":{"line":51,"column":35}},{"start":{"line":51,"column":37},"end":{"line":51,"column":50}}]}},"s":{"0":2,"1":2,"2":0,"3":2,"4":0,"5":2,"6":6,"7":6,"8":4,"9":2,"10":2,"11":2,"12":2,"13":2,"14":2,"15":1,"16":1,"17":2,"18":0,"19":2,"20":5,"21":2,"22":3,"23":3,"24":3,"25":2,"26":0,"27":2,"28":0,"29":2,"30":0,"31":0,"32":0,"33":0,"34":0,"35":2},"f":{"0":0,"1":0,"2":6,"3":2,"4":2,"5":0,"6":5,"7":3,"8":0,"9":0,"10":0,"11":0},"b":{"0":[4,2],"1":[6,5],"2":[1,1],"3":[2,3],"4":[5,4,3],"5":[0,0],"6":[0,0,0]}}
,"C:\\Users\\RClay\\eclipse-workspace\\ryan-clayton-p0\\src\\services\\instructor-services.ts": {"path":"C:\\Users\\RClay\\eclipse-workspace\\ryan-clayton-p0\\src\\services\\instructor-services.ts","statementMap":{"0":{"start":{"line":1,"column":0},"end":{"line":1,"column":50}},"1":{"start":{"line":2,"column":0},"end":{"line":2,"column":56}},"2":{"start":{"line":7,"column":4},"end":{"line":7,"column":45}},"3":{"start":{"line":6,"column":0},"end":{"line":6,"column":16}},"4":{"start":{"line":10,"column":4},"end":{"line":10,"column":47}},"5":{"start":{"line":9,"column":0},"end":{"line":9,"column":16}},"6":{"start":{"line":13,"column":26},"end":{"line":13,"column":119}},"7":{"start":{"line":14,"column":4},"end":{"line":20,"column":null}},"8":{"start":{"line":15,"column":8},"end":{"line":15,"column":59}},"9":{"start":{"line":18,"column":8},"end":{"line":18,"column":42}},"10":{"start":{"line":19,"column":8},"end":{"line":19,"column":60}},"11":{"start":{"line":19,"column":47},"end":{"line":19,"column":58}},"12":{"start":{"line":12,"column":0},"end":{"line":12,"column":16}},"13":{"start":{"line":23,"column":26},"end":{"line":24,"column":null}},"14":{"start":{"line":26,"column":4},"end":{"line":28,"column":null}},"15":{"start":{"line":27,"column":8},"end":{"line":27,"column":31}},"16":{"start":{"line":29,"column":4},"end":{"line":29,"column":56}},"17":{"start":{"line":22,"column":0},"end":{"line":22,"column":16}},"18":{"start":{"line":32,"column":4},"end":{"line":32,"column":52}},"19":{"start":{"line":31,"column":0},"end":{"line":31,"column":16}},"20":{"start":{"line":35,"column":4},"end":{"line":35,"column":43}},"21":{"start":{"line":34,"column":0},"end":{"line":34,"column":16}}},"fnMap":{"0":{"name":"getAllInstructors","decl":{"start":{"line":6,"column":16},"end":{"line":6,"column":33}},"loc":{"start":{"line":6,"column":33},"end":{"line":8,"column":1}}},"1":{"name":"getInstructorByID","decl":{"start":{"line":9,"column":16},"end":{"line":9,"column":33}},"loc":{"start":{"line":9,"column":44},"end":{"line":11,"column":1}}},"2":{"name":"saveInstructor","decl":{"start":{"line":12,"column":16},"end":{"line":12,"column":30}},"loc":{"start":{"line":12,"column":41},"end":{"line":21,"column":1}}},"3":{"name":"(anonymous_4)","decl":{"start":{"line":19,"column":27},"end":{"line":19,"column":28}},"loc":{"start":{"line":19,"column":47},"end":{"line":19,"column":58}}},"4":{"name":"patchInstructor","decl":{"start":{"line":22,"column":16},"end":{"line":22,"column":31}},"loc":{"start":{"line":22,"column":46},"end":{"line":30,"column":1}}},"5":{"name":"getClassesByInstructor","decl":{"start":{"line":31,"column":16},"end":{"line":31,"column":38}},"loc":{"start":{"line":31,"column":49},"end":{"line":33,"column":1}}},"6":{"name":"delInstructor","decl":{"start":{"line":34,"column":16},"end":{"line":34,"column":29}},"loc":{"start":{"line":34,"column":39},"end":{"line":36,"column":1}}}},"branchMap":{"0":{"loc":{"start":{"line":14,"column":4},"end":{"line":20,"column":null}},"type":"if","locations":[{"start":{"line":14,"column":4},"end":{"line":20,"column":null}},{"start":{"line":14,"column":4},"end":{"line":20,"column":null}}]},"1":{"loc":{"start":{"line":14,"column":8},"end":{"line":14,"column":31}},"type":"binary-expr","locations":[{"start":{"line":14,"column":8},"end":{"line":14,"column":31}},{"start":{"line":14,"column":33},"end":{"line":14,"column":55}}]},"2":{"loc":{"start":{"line":26,"column":4},"end":{"line":28,"column":null}},"type":"if","locations":[{"start":{"line":26,"column":4},"end":{"line":28,"column":null}},{"start":{"line":26,"column":4},"end":{"line":28,"column":null}}]}},"s":{"0":2,"1":2,"2":0,"3":2,"4":0,"5":2,"6":6,"7":6,"8":4,"9":2,"10":2,"11":2,"12":2,"13":2,"14":2,"15":1,"16":1,"17":2,"18":0,"19":2,"20":0,"21":2},"f":{"0":0,"1":0,"2":6,"3":2,"4":2,"5":0,"6":0},"b":{"0":[4,2],"1":[6,5],"2":[1,1]}}
,"C:\\Users\\RClay\\eclipse-workspace\\ryan-clayton-p0\\src\\services\\student-services.ts": {"path":"C:\\Users\\RClay\\eclipse-workspace\\ryan-clayton-p0\\src\\services\\student-services.ts","statementMap":{"0":{"start":{"line":1,"column":0},"end":{"line":1,"column":44}},"1":{"start":{"line":2,"column":0},"end":{"line":2,"column":50}},"2":{"start":{"line":6,"column":4},"end":{"line":6,"column":39}},"3":{"start":{"line":5,"column":0},"end":{"line":5,"column":16}},"4":{"start":{"line":9,"column":4},"end":{"line":9,"column":41}},"5":{"start":{"line":8,"column":0},"end":{"line":8,"column":16}},"6":{"start":{"line":12,"column":23},"end":{"line":12,"column":99}},"7":{"start":{"line":13,"column":4},"end":{"line":19,"column":null}},"8":{"start":{"line":14,"column":8},"end":{"line":14,"column":50}},"9":{"start":{"line":17,"column":8},"end":{"line":17,"column":39}},"10":{"start":{"line":18,"column":8},"end":{"line":18,"column":60}},"11":{"start":{"line":18,"column":47},"end":{"line":18,"column":58}},"12":{"start":{"line":11,"column":0},"end":{"line":11,"column":16}},"13":{"start":{"line":22,"column":23},"end":{"line":23,"column":null}},"14":{"start":{"line":25,"column":4},"end":{"line":27,"column":null}},"15":{"start":{"line":26,"column":8},"end":{"line":26,"column":31}},"16":{"start":{"line":28,"column":4},"end":{"line":28,"column":47}},"17":{"start":{"line":21,"column":0},"end":{"line":21,"column":16}},"18":{"start":{"line":31,"column":4},"end":{"line":31,"column":46}},"19":{"start":{"line":30,"column":0},"end":{"line":30,"column":16}},"20":{"start":{"line":34,"column":4},"end":{"line":34,"column":37}},"21":{"start":{"line":33,"column":0},"end":{"line":33,"column":16}}},"fnMap":{"0":{"name":"getAllStudents","decl":{"start":{"line":5,"column":16},"end":{"line":5,"column":30}},"loc":{"start":{"line":5,"column":30},"end":{"line":7,"column":1}}},"1":{"name":"getStudentByID","decl":{"start":{"line":8,"column":16},"end":{"line":8,"column":30}},"loc":{"start":{"line":8,"column":41},"end":{"line":10,"column":1}}},"2":{"name":"saveStudent","decl":{"start":{"line":11,"column":16},"end":{"line":11,"column":27}},"loc":{"start":{"line":11,"column":35},"end":{"line":20,"column":1}}},"3":{"name":"(anonymous_4)","decl":{"start":{"line":18,"column":27},"end":{"line":18,"column":28}},"loc":{"start":{"line":18,"column":47},"end":{"line":18,"column":58}}},"4":{"name":"patchStudent","decl":{"start":{"line":21,"column":16},"end":{"line":21,"column":28}},"loc":{"start":{"line":21,"column":40},"end":{"line":29,"column":1}}},"5":{"name":"getClassesByStudent","decl":{"start":{"line":30,"column":16},"end":{"line":30,"column":35}},"loc":{"start":{"line":30,"column":46},"end":{"line":32,"column":1}}},"6":{"name":"delStudent","decl":{"start":{"line":33,"column":16},"end":{"line":33,"column":26}},"loc":{"start":{"line":33,"column":36},"end":{"line":35,"column":1}}}},"branchMap":{"0":{"loc":{"start":{"line":13,"column":4},"end":{"line":19,"column":null}},"type":"if","locations":[{"start":{"line":13,"column":4},"end":{"line":19,"column":null}},{"start":{"line":13,"column":4},"end":{"line":19,"column":null}}]},"1":{"loc":{"start":{"line":13,"column":8},"end":{"line":13,"column":28}},"type":"binary-expr","locations":[{"start":{"line":13,"column":8},"end":{"line":13,"column":28}},{"start":{"line":13,"column":30},"end":{"line":13,"column":49}}]},"2":{"loc":{"start":{"line":25,"column":4},"end":{"line":27,"column":null}},"type":"if","locations":[{"start":{"line":25,"column":4},"end":{"line":27,"column":null}},{"start":{"line":25,"column":4},"end":{"line":27,"column":null}}]}},"s":{"0":2,"1":2,"2":0,"3":2,"4":0,"5":2,"6":6,"7":6,"8":4,"9":2,"10":2,"11":2,"12":2,"13":2,"14":2,"15":1,"16":1,"17":2,"18":0,"19":2,"20":0,"21":2},"f":{"0":0,"1":0,"2":6,"3":2,"4":2,"5":0,"6":0},"b":{"0":[4,2],"1":[6,5],"2":[1,1]}}
}
