TN:
SF:src\daos\db.ts
FNF:0
FNH:0
DA:1,6
DA:3,6
LF:2
LH:2
BRF:0
BRH:0
end_of_record
TN:
SF:src\routers\course-router.ts
FN:7,(anonymous_2)
FN:8,(anonymous_3)
FN:12,(anonymous_4)
FN:18,(anonymous_5)
FN:20,(anonymous_6)
FN:27,(anonymous_7)
FN:34,(anonymous_8)
FN:37,(anonymous_9)
FN:41,(anonymous_10)
FN:49,(anonymous_11)
FN:51,(anonymous_12)
FN:55,(anonymous_13)
FN:62,(anonymous_14)
FN:64,(anonymous_15)
FN:71,(anonymous_16)
FN:77,(anonymous_17)
FN:79,(anonymous_18)
FN:83,(anonymous_19)
FN:90,(anonymous_20)
FN:91,(anonymous_21)
FN:94,(anonymous_22)
FN:99,(anonymous_23)
FN:101,(anonymous_24)
FN:105,(anonymous_25)
FN:111,(anonymous_26)
FN:113,(anonymous_27)
FN:117,(anonymous_28)
FNF:27
FNH:24
FNDA:2,(anonymous_2)
FNDA:1,(anonymous_3)
FNDA:1,(anonymous_4)
FNDA:3,(anonymous_5)
FNDA:2,(anonymous_6)
FNDA:1,(anonymous_7)
FNDA:2,(anonymous_8)
FNDA:1,(anonymous_9)
FNDA:1,(anonymous_10)
FNDA:0,(anonymous_11)
FNDA:0,(anonymous_12)
FNDA:0,(anonymous_13)
FNDA:3,(anonymous_14)
FNDA:2,(anonymous_15)
FNDA:1,(anonymous_16)
FNDA:2,(anonymous_17)
FNDA:1,(anonymous_18)
FNDA:1,(anonymous_19)
FNDA:2,(anonymous_20)
FNDA:1,(anonymous_21)
FNDA:1,(anonymous_22)
FNDA:2,(anonymous_23)
FNDA:1,(anonymous_24)
FNDA:1,(anonymous_25)
FNDA:2,(anonymous_26)
FNDA:1,(anonymous_27)
FNDA:1,(anonymous_28)
DA:1,1
DA:2,1
DA:3,1
DA:7,1
DA:8,2
DA:10,1
DA:11,1
DA:13,1
DA:14,1
DA:18,1
DA:19,3
DA:20,3
DA:21,2
DA:22,1
DA:24,1
DA:26,2
DA:28,1
DA:29,1
DA:30,1
DA:34,1
DA:35,2
DA:36,2
DA:37,2
DA:38,1
DA:39,1
DA:40,1
DA:42,1
DA:43,1
DA:44,1
DA:49,1
DA:50,0
DA:51,0
DA:52,0
DA:53,0
DA:54,0
DA:56,0
DA:57,0
DA:58,0
DA:62,1
DA:63,3
DA:64,3
DA:65,2
DA:66,1
DA:68,1
DA:70,2
DA:72,1
DA:73,1
DA:74,1
DA:77,1
DA:78,2
DA:79,2
DA:80,1
DA:81,1
DA:82,1
DA:84,1
DA:85,1
DA:86,1
DA:90,1
DA:91,2
DA:92,1
DA:93,1
DA:95,1
DA:96,1
DA:99,1
DA:100,2
DA:101,2
DA:102,1
DA:103,1
DA:104,1
DA:106,1
DA:107,1
DA:108,1
DA:111,1
DA:112,2
DA:113,2
DA:114,1
DA:115,1
DA:116,1
DA:118,1
DA:119,1
DA:120,1
LF:81
LH:73
BRDA:21,0,0,1
BRDA:21,0,1,1
BRDA:65,1,0,1
BRDA:65,1,1,1
BRF:4
BRH:4
end_of_record
TN:
SF:src\routers\instructor-router.ts
FN:10,(anonymous_2)
FN:11,(anonymous_3)
FN:14,(anonymous_4)
FN:20,(anonymous_5)
FN:22,(anonymous_6)
FN:29,(anonymous_7)
FN:37,(anonymous_8)
FN:39,(anonymous_9)
FN:43,(anonymous_10)
FN:50,(anonymous_11)
FN:52,(anonymous_12)
FN:56,(anonymous_13)
FN:63,(anonymous_14)
FN:65,(anonymous_15)
FN:72,(anonymous_16)
FN:78,(anonymous_17)
FN:80,(anonymous_18)
FN:84,(anonymous_19)
FNF:18
FNH:12
FNDA:2,(anonymous_2)
FNDA:1,(anonymous_3)
FNDA:1,(anonymous_4)
FNDA:3,(anonymous_5)
FNDA:2,(anonymous_6)
FNDA:1,(anonymous_7)
FNDA:2,(anonymous_8)
FNDA:1,(anonymous_9)
FNDA:1,(anonymous_10)
FNDA:0,(anonymous_11)
FNDA:0,(anonymous_12)
FNDA:0,(anonymous_13)
FNDA:5,(anonymous_14)
FNDA:3,(anonymous_15)
FNDA:2,(anonymous_16)
FNDA:0,(anonymous_17)
FNDA:0,(anonymous_18)
FNDA:0,(anonymous_19)
DA:1,1
DA:2,1
DA:5,1
DA:10,1
DA:11,2
DA:12,1
DA:13,1
DA:15,1
DA:16,1
DA:20,1
DA:21,3
DA:22,3
DA:23,2
DA:24,1
DA:26,1
DA:28,2
DA:30,1
DA:31,1
DA:32,1
DA:37,1
DA:38,2
DA:39,2
DA:40,1
DA:41,1
DA:42,1
DA:44,1
DA:45,1
DA:46,1
DA:50,1
DA:51,0
DA:52,0
DA:53,0
DA:54,0
DA:55,0
DA:57,0
DA:58,0
DA:59,0
DA:63,1
DA:64,5
DA:65,5
DA:66,3
DA:67,1
DA:69,2
DA:71,3
DA:73,2
DA:74,2
DA:75,2
DA:78,1
DA:79,0
DA:80,0
DA:81,0
DA:82,0
DA:83,0
DA:85,0
DA:86,0
DA:87,0
LF:56
LH:40
BRDA:23,0,0,1
BRDA:23,0,1,1
BRDA:66,1,0,1
BRDA:66,1,1,2
BRF:4
BRH:4
end_of_record
TN:
SF:src\routers\student-router.ts
FN:9,(anonymous_9)
FN:11,(anonymous_10)
FN:14,(anonymous_11)
FN:20,(anonymous_12)
FN:22,(anonymous_13)
FN:29,(anonymous_14)
FN:37,(anonymous_15)
FN:39,(anonymous_16)
FN:43,(anonymous_17)
FN:51,(anonymous_18)
FN:53,(anonymous_19)
FN:57,(anonymous_20)
FN:81,(anonymous_21)
FN:81,(anonymous_22)
FN:102,(anonymous_23)
FN:104,(anonymous_24)
FN:108,(anonymous_25)
FNF:17
FNH:14
FNDA:2,(anonymous_9)
FNDA:1,(anonymous_10)
FNDA:1,(anonymous_11)
FNDA:3,(anonymous_12)
FNDA:2,(anonymous_13)
FNDA:1,(anonymous_14)
FNDA:2,(anonymous_15)
FNDA:1,(anonymous_16)
FNDA:1,(anonymous_17)
FNDA:0,(anonymous_18)
FNDA:0,(anonymous_19)
FNDA:0,(anonymous_20)
FNDA:5,(anonymous_21)
FNDA:5,(anonymous_22)
FNDA:2,(anonymous_23)
FNDA:1,(anonymous_24)
FNDA:1,(anonymous_25)
DA:1,1
DA:2,1
DA:4,1
DA:9,1
DA:10,2
DA:11,2
DA:12,1
DA:13,1
DA:15,1
DA:16,1
DA:20,1
DA:21,3
DA:22,3
DA:23,2
DA:24,1
DA:26,1
DA:28,2
DA:30,1
DA:31,1
DA:32,1
DA:37,1
DA:38,2
DA:39,2
DA:40,1
DA:41,1
DA:42,1
DA:44,1
DA:45,1
DA:46,1
DA:51,1
DA:52,0
DA:53,0
DA:54,0
DA:55,0
DA:56,0
DA:58,0
DA:59,0
DA:60,0
DA:81,5
DA:82,5
DA:86,5
DA:87,5
DA:89,2
DA:90,2
DA:91,2
DA:95,3
DA:96,1
DA:98,2
DA:100,3
DA:102,1
DA:103,2
DA:104,2
DA:105,1
DA:106,1
DA:107,1
DA:109,1
DA:110,1
DA:111,1
LF:58
LH:50
BRDA:23,0,0,1
BRDA:23,0,1,1
BRDA:95,1,0,1
BRDA:95,1,1,2
BRF:4
BRH:4
end_of_record
TN:
SF:src\services\course-services.ts
FN:8,getAllCourses
FN:11,getCourseByID
FN:14,saveCourse
FN:21,(anonymous_4)
FN:24,patchCourse
FN:33,getCourseList
FN:36,addClass
FN:41,(anonymous_8)
FN:44,getClassList
FN:47,delCourse
FN:50,delClass
FN:55,(anonymous_12)
FNF:12
FNH:5
FNDA:0,getAllCourses
FNDA:0,getCourseByID
FNDA:6,saveCourse
FNDA:2,(anonymous_4)
FNDA:2,patchCourse
FNDA:0,getCourseList
FNDA:5,addClass
FNDA:3,(anonymous_8)
FNDA:0,getClassList
FNDA:0,delCourse
FNDA:0,delClass
FNDA:0,(anonymous_12)
DA:2,2
DA:3,2
DA:8,2
DA:9,0
DA:11,2
DA:12,0
DA:14,2
DA:15,6
DA:16,6
DA:17,4
DA:20,2
DA:21,2
DA:24,2
DA:25,2
DA:28,2
DA:29,1
DA:31,1
DA:33,2
DA:34,0
DA:36,2
DA:37,5
DA:38,2
DA:40,3
DA:41,3
DA:44,2
DA:45,0
DA:47,2
DA:48,0
DA:50,2
DA:51,0
DA:52,0
DA:54,0
DA:55,0
LF:33
LH:24
BRDA:16,0,0,4
BRDA:16,0,1,2
BRDA:16,1,0,6
BRDA:16,1,1,5
BRDA:28,2,0,1
BRDA:28,2,1,1
BRDA:37,3,0,2
BRDA:37,3,1,3
BRDA:37,4,0,5
BRDA:37,4,1,4
BRDA:37,4,2,3
BRDA:51,5,0,0
BRDA:51,5,1,0
BRDA:51,6,0,0
BRDA:51,6,1,0
BRDA:51,6,2,0
BRF:16
BRH:11
end_of_record
TN:
SF:src\services\instructor-services.ts
FN:6,getAllInstructors
FN:9,getInstructorByID
FN:12,saveInstructor
FN:19,(anonymous_4)
FN:22,patchInstructor
FN:31,getClassesByInstructor
FN:34,delInstructor
FNF:7
FNH:3
FNDA:0,getAllInstructors
FNDA:0,getInstructorByID
FNDA:6,saveInstructor
FNDA:2,(anonymous_4)
FNDA:2,patchInstructor
FNDA:0,getClassesByInstructor
FNDA:0,delInstructor
DA:1,2
DA:2,2
DA:6,2
DA:7,0
DA:9,2
DA:10,0
DA:12,2
DA:13,6
DA:14,6
DA:15,4
DA:18,2
DA:19,2
DA:22,2
DA:23,2
DA:26,2
DA:27,1
DA:29,1
DA:31,2
DA:32,0
DA:34,2
DA:35,0
LF:21
LH:17
BRDA:14,0,0,4
BRDA:14,0,1,2
BRDA:14,1,0,6
BRDA:14,1,1,5
BRDA:26,2,0,1
BRDA:26,2,1,1
BRF:6
BRH:6
end_of_record
TN:
SF:src\services\student-services.ts
FN:5,getAllStudents
FN:8,getStudentByID
FN:11,saveStudent
FN:18,(anonymous_4)
FN:21,patchStudent
FN:30,getClassesByStudent
FN:33,delStudent
FNF:7
FNH:3
FNDA:0,getAllStudents
FNDA:0,getStudentByID
FNDA:6,saveStudent
FNDA:2,(anonymous_4)
FNDA:2,patchStudent
FNDA:0,getClassesByStudent
FNDA:0,delStudent
DA:1,2
DA:2,2
DA:5,2
DA:6,0
DA:8,2
DA:9,0
DA:11,2
DA:12,6
DA:13,6
DA:14,4
DA:17,2
DA:18,2
DA:21,2
DA:22,2
DA:25,2
DA:26,1
DA:28,1
DA:30,2
DA:31,0
DA:33,2
DA:34,0
LF:21
LH:17
BRDA:13,0,0,4
BRDA:13,0,1,2
BRDA:13,1,0,6
BRDA:13,1,1,5
BRDA:25,2,0,1
BRDA:25,2,1,1
BRF:6
BRH:6
end_of_record
