TN:
SF:src\daos\course-dao.ts
FN:9,getAllCourses
FN:11,(anonymous_1)
FN:12,(anonymous_2)
FN:15,getCourseByID
FN:18,(anonymous_4)
FN:18,(anonymous_5)
FN:21,saveCourse
FN:24,(anonymous_7)
FN:24,(anonymous_8)
FN:27,patchCourse
FN:31,(anonymous_10)
FN:31,(anonymous_11)
FN:33,getCourseListByID
FN:43,(anonymous_13)
FN:44,(anonymous_14)
FN:49,addClass
FN:52,(anonymous_16)
FN:52,(anonymous_17)
FN:55,getAllClasses
FN:62,(anonymous_19)
FN:63,(anonymous_20)
FNF:21
FNH:0
FNDA:0,getAllCourses
FNDA:0,(anonymous_1)
FNDA:0,(anonymous_2)
FNDA:0,getCourseByID
FNDA:0,(anonymous_4)
FNDA:0,(anonymous_5)
FNDA:0,saveCourse
FNDA:0,(anonymous_7)
FNDA:0,(anonymous_8)
FNDA:0,patchCourse
FNDA:0,(anonymous_10)
FNDA:0,(anonymous_11)
FNDA:0,getCourseListByID
FNDA:0,(anonymous_13)
FNDA:0,(anonymous_14)
FNDA:0,addClass
FNDA:0,(anonymous_16)
FNDA:0,(anonymous_17)
FNDA:0,getAllClasses
FNDA:0,(anonymous_19)
FNDA:0,(anonymous_20)
DA:1,2
DA:2,2
DA:3,2
DA:4,2
DA:5,2
DA:9,2
DA:10,0
DA:11,0
DA:12,0
DA:15,2
DA:16,0
DA:17,0
DA:18,0
DA:21,2
DA:22,0
DA:23,0
DA:24,0
DA:27,2
DA:28,0
DA:30,0
DA:31,0
DA:33,2
DA:34,0
DA:43,0
DA:44,0
DA:49,2
DA:50,0
DA:51,0
DA:52,0
DA:55,2
DA:56,0
DA:62,0
DA:63,0
LF:33
LH:12
BRF:0
BRH:0
end_of_record
TN:
SF:src\daos\db.ts
FNF:0
FNH:0
DA:1,6
DA:3,6
LF:2
LH:2
BRF:0
BRH:0
end_of_record
TN:
SF:src\daos\instructor-dao.ts
FN:8,getAllInstructors
FN:11,(anonymous_1)
FN:12,(anonymous_2)
FN:15,getInstructorByID
FN:18,(anonymous_4)
FN:18,(anonymous_5)
FN:21,saveInstructor
FN:25,(anonymous_7)
FN:25,(anonymous_8)
FN:27,patchInstructor
FN:31,(anonymous_10)
FN:31,(anonymous_11)
FN:33,getClassesbyInstructor
FN:40,(anonymous_13)
FN:41,(anonymous_14)
FNF:15
FNH:0
FNDA:0,getAllInstructors
FNDA:0,(anonymous_1)
FNDA:0,(anonymous_2)
FNDA:0,getInstructorByID
FNDA:0,(anonymous_4)
FNDA:0,(anonymous_5)
FNDA:0,saveInstructor
FNDA:0,(anonymous_7)
FNDA:0,(anonymous_8)
FNDA:0,patchInstructor
FNDA:0,(anonymous_10)
FNDA:0,(anonymous_11)
FNDA:0,getClassesbyInstructor
FNDA:0,(anonymous_13)
FNDA:0,(anonymous_14)
DA:1,2
DA:2,2
DA:3,2
DA:8,2
DA:9,0
DA:10,0
DA:11,0
DA:12,0
DA:15,2
DA:16,0
DA:17,0
DA:18,0
DA:21,2
DA:22,0
DA:23,0
DA:24,0
DA:25,0
DA:27,2
DA:28,0
DA:30,0
DA:31,0
DA:33,2
DA:35,0
DA:40,0
DA:41,0
LF:25
LH:8
BRF:0
BRH:0
end_of_record
TN:
SF:src\daos\student-dao.ts
FN:8,getAllStudents
FN:10,(anonymous_1)
FN:11,(anonymous_2)
FN:14,getStudentByID
FN:17,(anonymous_4)
FN:17,(anonymous_5)
FN:20,saveStudent
FN:23,(anonymous_7)
FN:23,(anonymous_8)
FN:26,patchStudent
FN:30,(anonymous_10)
FN:30,(anonymous_11)
FN:32,getClassesbyStudent
FN:41,(anonymous_13)
FN:42,(anonymous_14)
FNF:15
FNH:0
FNDA:0,getAllStudents
FNDA:0,(anonymous_1)
FNDA:0,(anonymous_2)
FNDA:0,getStudentByID
FNDA:0,(anonymous_4)
FNDA:0,(anonymous_5)
FNDA:0,saveStudent
FNDA:0,(anonymous_7)
FNDA:0,(anonymous_8)
FNDA:0,patchStudent
FNDA:0,(anonymous_10)
FNDA:0,(anonymous_11)
FNDA:0,getClassesbyStudent
FNDA:0,(anonymous_13)
FNDA:0,(anonymous_14)
DA:1,2
DA:2,2
DA:3,2
DA:8,2
DA:9,0
DA:10,0
DA:11,0
DA:14,2
DA:15,0
DA:16,0
DA:17,0
DA:20,2
DA:21,0
DA:22,0
DA:23,0
DA:26,2
DA:27,0
DA:29,0
DA:30,0
DA:32,2
DA:34,0
DA:41,0
DA:42,0
LF:23
LH:8
BRF:0
BRH:0
end_of_record
TN:
SF:src\models\class.ts
FN:12,(anonymous_0)
FN:6,(anonymous_1)
FNF:2
FNH:0
FNDA:0,(anonymous_0)
FNDA:0,(anonymous_1)
DA:1,2
DA:7,0
DA:10,0
DA:13,0
DA:14,0
DA:15,0
LF:6
LH:1
BRF:0
BRH:0
end_of_record
TN:
SF:src\models\classList.ts
FN:14,(anonymous_0)
FN:7,(anonymous_1)
FNF:2
FNH:0
FNDA:0,(anonymous_0)
FNDA:0,(anonymous_1)
DA:1,2
DA:8,0
DA:9,0
DA:12,0
DA:16,0
DA:17,0
DA:18,0
DA:19,0
LF:8
LH:1
BRF:0
BRH:0
end_of_record
TN:
SF:src\models\course.ts
FN:13,(anonymous_0)
FN:7,(anonymous_1)
FNF:2
FNH:1
FNDA:8,(anonymous_0)
FNDA:0,(anonymous_1)
DA:1,3
DA:8,0
DA:11,0
DA:14,8
DA:15,8
DA:16,8
DA:17,8
LF:7
LH:5
BRF:0
BRH:0
end_of_record
TN:
SF:src\models\instructor-classes.ts
FN:11,(anonymous_0)
FN:5,(anonymous_1)
FNF:2
FNH:0
FNDA:0,(anonymous_0)
FNDA:0,(anonymous_1)
DA:1,2
DA:6,0
DA:9,0
DA:12,0
DA:13,0
LF:5
LH:1
BRF:0
BRH:0
end_of_record
TN:
SF:src\models\instructor.ts
FN:13,(anonymous_0)
FN:7,(anonymous_1)
FNF:2
FNH:1
FNDA:8,(anonymous_0)
FNDA:0,(anonymous_1)
DA:1,3
DA:8,0
DA:11,0
DA:14,8
DA:15,8
DA:16,8
DA:17,8
LF:7
LH:5
BRF:0
BRH:0
end_of_record
TN:
SF:src\models\people.ts
FN:11,(anonymous_0)
FN:5,(anonymous_1)
FNF:2
FNH:0
FNDA:0,(anonymous_0)
FNDA:0,(anonymous_1)
DA:1,2
DA:6,0
DA:9,0
DA:12,0
DA:13,0
LF:5
LH:1
BRF:0
BRH:0
end_of_record
TN:
SF:src\models\student-classes.ts
FN:15,(anonymous_0)
FN:8,(anonymous_1)
FNF:2
FNH:0
FNDA:0,(anonymous_0)
FNDA:0,(anonymous_1)
DA:1,2
DA:9,0
DA:13,0
DA:17,0
DA:18,0
DA:19,0
DA:20,0
DA:21,0
LF:8
LH:1
BRF:0
BRH:0
end_of_record
TN:
SF:src\models\student.ts
FN:13,(anonymous_0)
FN:7,(anonymous_1)
FNF:2
FNH:1
FNDA:8,(anonymous_0)
FNDA:0,(anonymous_1)
DA:1,3
DA:8,0
DA:11,0
DA:14,8
DA:15,8
DA:16,8
DA:17,8
LF:7
LH:5
BRF:0
BRH:0
end_of_record
TN:
SF:src\routers\course-router.ts
FN:7,(anonymous_2)
FN:8,(anonymous_3)
FN:12,(anonymous_4)
FN:18,(anonymous_5)
FN:20,(anonymous_6)
FN:27,(anonymous_7)
FN:34,(anonymous_8)
FN:37,(anonymous_9)
FN:41,(anonymous_10)
FN:50,(anonymous_11)
FN:52,(anonymous_12)
FN:56,(anonymous_13)
FN:63,(anonymous_14)
FN:65,(anonymous_15)
FN:72,(anonymous_16)
FN:78,(anonymous_17)
FN:80,(anonymous_18)
FN:84,(anonymous_19)
FN:91,(anonymous_20)
FN:92,(anonymous_21)
FN:95,(anonymous_22)
FNF:21
FNH:18
FNDA:2,(anonymous_2)
FNDA:1,(anonymous_3)
FNDA:1,(anonymous_4)
FNDA:3,(anonymous_5)
FNDA:2,(anonymous_6)
FNDA:1,(anonymous_7)
FNDA:2,(anonymous_8)
FNDA:1,(anonymous_9)
FNDA:1,(anonymous_10)
FNDA:0,(anonymous_11)
FNDA:0,(anonymous_12)
FNDA:0,(anonymous_13)
FNDA:3,(anonymous_14)
FNDA:2,(anonymous_15)
FNDA:1,(anonymous_16)
FNDA:2,(anonymous_17)
FNDA:1,(anonymous_18)
FNDA:1,(anonymous_19)
FNDA:2,(anonymous_20)
FNDA:1,(anonymous_21)
FNDA:1,(anonymous_22)
DA:1,1
DA:2,1
DA:3,1
DA:7,1
DA:8,2
DA:10,1
DA:11,1
DA:13,1
DA:14,1
DA:18,1
DA:19,3
DA:20,3
DA:21,2
DA:22,1
DA:24,1
DA:26,2
DA:28,1
DA:29,1
DA:30,1
DA:34,1
DA:35,2
DA:36,2
DA:37,2
DA:38,1
DA:39,1
DA:40,1
DA:42,1
DA:43,1
DA:44,1
DA:45,1
DA:50,1
DA:51,0
DA:52,0
DA:53,0
DA:54,0
DA:55,0
DA:57,0
DA:58,0
DA:59,0
DA:63,1
DA:64,3
DA:65,3
DA:66,2
DA:67,1
DA:69,1
DA:71,2
DA:73,1
DA:74,1
DA:75,1
DA:78,1
DA:79,2
DA:80,2
DA:81,1
DA:82,1
DA:83,1
DA:85,1
DA:86,1
DA:87,1
DA:91,1
DA:92,2
DA:93,1
DA:94,1
DA:96,1
DA:97,1
LF:64
LH:56
BRDA:21,0,0,1
BRDA:21,0,1,1
BRDA:66,1,0,1
BRDA:66,1,1,1
BRF:4
BRH:4
end_of_record
TN:
SF:src\routers\instructor-router.ts
FN:10,(anonymous_2)
FN:11,(anonymous_3)
FN:14,(anonymous_4)
FN:20,(anonymous_5)
FN:22,(anonymous_6)
FN:29,(anonymous_7)
FN:37,(anonymous_8)
FN:39,(anonymous_9)
FN:43,(anonymous_10)
FN:50,(anonymous_11)
FN:52,(anonymous_12)
FN:56,(anonymous_13)
FN:63,(anonymous_14)
FN:65,(anonymous_15)
FN:72,(anonymous_16)
FNF:15
FNH:12
FNDA:2,(anonymous_2)
FNDA:1,(anonymous_3)
FNDA:1,(anonymous_4)
FNDA:3,(anonymous_5)
FNDA:2,(anonymous_6)
FNDA:1,(anonymous_7)
FNDA:2,(anonymous_8)
FNDA:1,(anonymous_9)
FNDA:1,(anonymous_10)
FNDA:0,(anonymous_11)
FNDA:0,(anonymous_12)
FNDA:0,(anonymous_13)
FNDA:5,(anonymous_14)
FNDA:3,(anonymous_15)
FNDA:2,(anonymous_16)
DA:1,1
DA:2,1
DA:5,1
DA:10,1
DA:11,2
DA:12,1
DA:13,1
DA:15,1
DA:16,1
DA:20,1
DA:21,3
DA:22,3
DA:23,2
DA:24,1
DA:26,1
DA:28,2
DA:30,1
DA:31,1
DA:32,1
DA:37,1
DA:38,2
DA:39,2
DA:40,1
DA:41,1
DA:42,1
DA:44,1
DA:45,1
DA:46,1
DA:50,1
DA:51,0
DA:52,0
DA:53,0
DA:54,0
DA:55,0
DA:57,0
DA:58,0
DA:59,0
DA:63,1
DA:64,5
DA:65,5
DA:66,3
DA:67,1
DA:69,2
DA:71,3
DA:73,2
DA:74,2
DA:75,2
LF:47
LH:39
BRDA:23,0,0,1
BRDA:23,0,1,1
BRDA:66,1,0,1
BRDA:66,1,1,2
BRF:4
BRH:4
end_of_record
TN:
SF:src\routers\student-router.ts
FN:9,(anonymous_9)
FN:11,(anonymous_10)
FN:14,(anonymous_11)
FN:20,(anonymous_12)
FN:22,(anonymous_13)
FN:29,(anonymous_14)
FN:37,(anonymous_15)
FN:39,(anonymous_16)
FN:43,(anonymous_17)
FN:51,(anonymous_18)
FN:53,(anonymous_19)
FN:57,(anonymous_20)
FN:81,(anonymous_21)
FN:81,(anonymous_22)
FNF:14
FNH:11
FNDA:2,(anonymous_9)
FNDA:1,(anonymous_10)
FNDA:1,(anonymous_11)
FNDA:3,(anonymous_12)
FNDA:2,(anonymous_13)
FNDA:1,(anonymous_14)
FNDA:2,(anonymous_15)
FNDA:1,(anonymous_16)
FNDA:1,(anonymous_17)
FNDA:0,(anonymous_18)
FNDA:0,(anonymous_19)
FNDA:0,(anonymous_20)
FNDA:5,(anonymous_21)
FNDA:5,(anonymous_22)
DA:1,1
DA:2,1
DA:4,1
DA:9,1
DA:10,2
DA:11,2
DA:12,1
DA:13,1
DA:15,1
DA:16,1
DA:20,1
DA:21,3
DA:22,3
DA:23,2
DA:24,1
DA:26,1
DA:28,2
DA:30,1
DA:31,1
DA:32,1
DA:37,1
DA:38,2
DA:39,2
DA:40,1
DA:41,1
DA:42,1
DA:44,1
DA:45,1
DA:46,1
DA:51,1
DA:52,0
DA:53,0
DA:54,0
DA:55,0
DA:56,0
DA:58,0
DA:59,0
DA:60,0
DA:81,5
DA:82,5
DA:86,5
DA:87,5
DA:89,2
DA:90,2
DA:91,2
DA:95,3
DA:96,1
DA:98,2
DA:100,3
LF:49
LH:41
BRDA:23,0,0,1
BRDA:23,0,1,1
BRDA:95,1,0,1
BRDA:95,1,1,2
BRF:4
BRH:4
end_of_record
TN:
SF:src\services\course-services.ts
FN:8,getAllCourses
FN:11,getCourseByID
FN:14,saveCourse
FN:21,(anonymous_4)
FN:24,patchCourse
FN:33,getCourseList
FN:36,addClass
FN:41,(anonymous_8)
FN:44,getClassList
FNF:9
FNH:5
FNDA:0,getAllCourses
FNDA:0,getCourseByID
FNDA:6,saveCourse
FNDA:2,(anonymous_4)
FNDA:2,patchCourse
FNDA:0,getCourseList
FNDA:5,addClass
FNDA:3,(anonymous_8)
FNDA:0,getClassList
DA:2,2
DA:3,2
DA:8,2
DA:9,0
DA:11,2
DA:12,0
DA:14,2
DA:15,6
DA:16,6
DA:17,4
DA:20,2
DA:21,2
DA:24,2
DA:25,2
DA:28,2
DA:29,1
DA:31,1
DA:33,2
DA:34,0
DA:36,2
DA:37,5
DA:38,2
DA:40,3
DA:41,3
DA:44,2
DA:45,0
LF:26
LH:22
BRDA:16,0,0,4
BRDA:16,0,1,2
BRDA:16,1,0,6
BRDA:16,1,1,5
BRDA:28,2,0,1
BRDA:28,2,1,1
BRDA:37,3,0,2
BRDA:37,3,1,3
BRDA:37,4,0,5
BRDA:37,4,1,4
BRDA:37,4,2,3
BRF:11
BRH:11
end_of_record
TN:
SF:src\services\instructor-services.ts
FN:6,getAllInstructors
FN:9,getInstructorByID
FN:12,saveInstructor
FN:19,(anonymous_4)
FN:22,patchInstructor
FN:31,getClassesByInstructor
FNF:6
FNH:3
FNDA:0,getAllInstructors
FNDA:0,getInstructorByID
FNDA:6,saveInstructor
FNDA:2,(anonymous_4)
FNDA:2,patchInstructor
FNDA:0,getClassesByInstructor
DA:1,2
DA:2,2
DA:6,2
DA:7,0
DA:9,2
DA:10,0
DA:12,2
DA:13,6
DA:14,6
DA:15,4
DA:18,2
DA:19,2
DA:22,2
DA:23,2
DA:26,2
DA:27,1
DA:29,1
DA:31,2
DA:32,0
LF:19
LH:16
BRDA:14,0,0,4
BRDA:14,0,1,2
BRDA:14,1,0,6
BRDA:14,1,1,5
BRDA:26,2,0,1
BRDA:26,2,1,1
BRF:6
BRH:6
end_of_record
TN:
SF:src\services\student-services.ts
FN:5,getAllStudents
FN:8,getStudentByID
FN:11,saveStudent
FN:18,(anonymous_4)
FN:21,patchStudent
FN:30,getClassesByStudent
FNF:6
FNH:3
FNDA:0,getAllStudents
FNDA:0,getStudentByID
FNDA:6,saveStudent
FNDA:2,(anonymous_4)
FNDA:2,patchStudent
FNDA:0,getClassesByStudent
DA:1,2
DA:2,2
DA:5,2
DA:6,0
DA:8,2
DA:9,0
DA:11,2
DA:12,6
DA:13,6
DA:14,4
DA:17,2
DA:18,2
DA:21,2
DA:22,2
DA:25,2
DA:26,1
DA:28,1
DA:30,2
DA:31,0
LF:19
LH:16
BRDA:13,0,0,4
BRDA:13,0,1,2
BRDA:13,1,0,6
BRDA:13,1,1,5
BRDA:25,2,0,1
BRDA:25,2,1,1
BRF:6
BRH:6
end_of_record
